[15:55:33] [ServerMain/INFO]: Environment: Environment[sessionHost=https://sessionserver.mojang.com, servicesHost=https://api.minecraftservices.com, name=PROD]
[15:55:36] [ServerMain/INFO]: Loaded 1292 recipes
[15:55:36] [ServerMain/INFO]: Loaded 1403 advancements
[15:55:37] [Server thread/INFO]: Starting minecraft server version 1.21.1
[15:55:37] [Server thread/INFO]: Loading properties
[15:55:37] [Server thread/INFO]: Default game type: SURVIVAL
[15:55:37] [Server thread/INFO]: Generating keypair
[15:55:37] [Server thread/INFO]: Starting Minecraft server on *:25565
[15:55:37] [Server thread/INFO]: Using epoll channel type
[15:55:38] [Server thread/WARN]: **** SERVER IS RUNNING IN OFFLINE/INSECURE MODE!
[15:55:38] [Server thread/WARN]: The server will make no attempt to authenticate usernames. Beware.
[15:55:38] [Server thread/WARN]: While this makes the game possible to play without internet access, it also opens up the ability for hackers to connect with any username they choose.
[15:55:38] [Server thread/WARN]: To change this, set "online-mode" to "true" in the server.properties file.
[15:55:38] [Server thread/INFO]: Preparing level "world"
[15:55:38] [Server thread/INFO]: Preparing start region for dimension minecraft:overworld
[15:55:38] [Worker-Main-1/INFO]: Preparing spawn area: 0%
[15:55:38] [Worker-Main-1/INFO]: Preparing spawn area: 0%
[15:55:39] [Server thread/INFO]: Time elapsed: 865 ms
[15:55:39] [Server thread/INFO]: Done (1.053s)! For help, type "help"
[16:00:46] [Server thread/INFO]: Drakii27[/192.168.192.132:46550] logged in with entity id 153 at (-14.5, -344.99872964247874, 0.5)
[16:00:46] [Server thread/INFO]: Drakii27 joined the game
[16:02:08] [Server thread/INFO]: bankaionma727[/192.168.192.164:60600] logged in with entity id 182 at (1.1367302303063125, 60.0, -2.1138217192928774)
[16:02:08] [Server thread/INFO]: bankaionma727 joined the game
[16:04:43] [Server thread/INFO]: theHULK[/192.168.192.222:51762] logged in with entity id 265 at (3.896990091783487, 60.0, 0.14223707147364686)
[16:04:43] [Server thread/INFO]: theHULK joined the game
[16:04:49] [Server thread/INFO]: Made theHULK a server operator
[16:05:16] [Server thread/INFO]: [Not Secure] <bankaionma727> im the father of minecraft'
[16:06:17] [Server thread/INFO]: bankaionma727 fell out of the world
[16:06:33] [Server thread/INFO]: Drakii27 was slain by bankaionma727
[16:06:43] [Server thread/INFO]: [Not Secure] <bankaionma727> my name is johncena
[16:09:30] [Server thread/INFO]: theHULK has made the advancement [Into Fire]
[16:09:44] [Server thread/WARN]: bankaionma727 moved too quickly! -1.2458989900416069,-15.998530816820999,-1.1024482876612343
[16:10:42] [Server thread/INFO]: theHULK was slain by Shulker
[16:10:56] [Server thread/INFO]: Drakii27 was fireballed by Blaze
[16:11:52] [Server thread/WARN]: bankaionma727 moved too quickly! 0.6085964756802859,-10.484774429469773,1.5985017828798083
[16:11:54] [Server thread/WARN]: bankaionma727 moved too quickly! 2.1685332859926287,-11.381303192337555,-0.0942434996430963
[16:12:00] [Server thread/INFO]: bankaionma727 fell out of the world
[16:12:25] [Server thread/INFO]: Drakii27 was slain by bankaionma727 using [Mace bjd ;gushiohf hsihofhdg ;hfgljshgjsd hlkd hfn]
[16:12:41] [Server thread/INFO]: Drakii27 was slain by bankaionma727 using [Mace bjd ;gushiohf hsihofhdg ;hfgljshgjsd hlkd hfn]
[16:13:07] [Server thread/INFO]: theHULK was burned to a crisp while fighting Drakii27
[16:13:24] [Server thread/WARN]: bankaionma727 moved too quickly! -0.07983098275237621,10.760244178565841,0.07342951196970271
[16:13:28] [Server thread/INFO]: Drakii27 was slain by bankaionma727 using [Mace bjd ;gushiohf hsihofhdg ;hfgljshgjsd hlkd hfn]
[16:13:56] [Server thread/WARN]: bankaionma727 moved too quickly! 0.0,10.08304953688517,0.0
[16:14:03] [Server thread/INFO]: Drakii27 fell out of the world
[16:14:24] [Server thread/INFO]: [Not Secure] <bankaionma727> aryan arrow
[16:14:34] [Server thread/INFO]: Drakii27 was slain by bankaionma727 using [Mace bjd ;gushiohf hsihofhdg ;hfgljshgjsd hlkd hfn]
[16:14:50] [Server thread/WARN]: Drakii27 moved too quickly! 0.0,-22.08469534264293,0.0
[16:14:50] [Server thread/INFO]: Drakii27 fell out of the world
[16:14:55] [Server thread/INFO]: [Not Secure] <bankaionma727> aryan arrow and windcharge aap
[16:15:26] [Server thread/INFO]: [Not Secure] <bankaionma727> xp ootle bi
[16:15:35] [Server thread/INFO]: Drakii27 lost connection: Timed out
[16:15:35] [Server thread/INFO]: Drakii27 left the game
[16:16:37] [Server thread/INFO]: [Not Secure] <bankaionma727> aryan deepslat aap
[16:16:45] [Server thread/INFO]: [Not Secure] <bankaionma727> cobbled deepslate
[16:17:19] [Server thread/INFO]: Named entity ckw['Monster Guard'/9197, l='ServerLevel[§9OneBlock §eReborn]', x=-0.13, y=60.00, z=-4.19] died: Monster Guard was slain by bankaionma727
[16:17:26] [Server thread/INFO]: Named entity ckw['Monster Guard'/9200, l='ServerLevel[§9OneBlock §eReborn]', x=4.92, y=60.00, z=-1.91] died: Monster Guard was slain by theHULK
[16:19:13] [Server thread/INFO]: theHULK was slain by bankaionma727 using [Mace bjd ;gushiohf hsihofhdg ;hfgljshgjsd hlkd hfn]
[16:20:55] [Server thread/INFO]: bankaionma727 lost connection: Timed out
[16:20:55] [Server thread/INFO]: bankaionma727 left the game
[16:21:25] [Server thread/WARN]: Mismatch in destroy block pos: jd{x=0, y=0, z=0} jd{x=0, y=60, z=0}
[16:23:43] [Server thread/INFO]: Drakii27[/192.168.192.132:51138] logged in with entity id 9950 at (-15.117047468567122, 60.0, 0.610690619017612)
[16:23:43] [Server thread/INFO]: Drakii27 joined the game
[16:24:47] [Server thread/INFO]: [Not Secure] <theHULK> jiya tari jode tari item che ke nai??
[16:24:52] [Server thread/INFO]: [Not Secure] <theHULK> inventory ma???
[16:25:30] [Server thread/INFO]: bankaionma727[/192.168.192.164:62104] logged in with entity id 10008 at (-4.300000011920929, 61.0, -0.10959351018681592)
[16:25:30] [Server thread/INFO]: bankaionma727 joined the game
[16:25:44] [Server thread/INFO]: [Not Secure] <theHULK> jjya come
[16:25:46] [Server thread/INFO]: [Not Secure] <theHULK> here
[16:25:48] [Server thread/INFO]: [Not Secure] <bankaionma727> give cobbled ddepslate
[16:26:10] [Server thread/WARN]: bankaionma727 moved too quickly! 0.0,12.434753643063761,0.0
[16:26:17] [Server thread/WARN]: bankaionma727 moved wrongly!
[16:26:38] [Server thread/INFO]: [Not Secure] <theHULK> come
[16:26:46] [Server thread/INFO]: [Not Secure] <theHULK> 3
[16:26:47] [Server thread/INFO]: [Not Secure] <theHULK> 2
[16:26:48] [Server thread/INFO]: [Not Secure] <theHULK> 1
[16:26:52] [Server thread/INFO]: theHULK has made the advancement [The End?]
[16:26:54] [Server thread/INFO]: Scanning for legacy world dragon fight...
[16:26:54] [Server thread/INFO]: Found that the dragon has not yet been killed in this world.
[16:26:55] [Server thread/WARN]: Can't keep up! Is the server overloaded? Running 2858ms or 57 ticks behind
[16:26:55] [Server thread/INFO]: bankaionma727 has made the advancement [The End?]
[16:27:00] [Server thread/INFO]: Named entity ckp['Monster Guard'/10112, l='ServerLevel[§9OneBlock §eReborn]', x=98.56, y=49.00, z=-2.05] died: Monster Guard was slain by Warden
[16:27:05] [Server thread/INFO]: theHULK was slain by Warden
[16:27:09] [Server thread/WARN]: bankaionma727 moved too quickly! 0.0,-15.795335011102587,0.0
[16:27:12] [Server thread/WARN]: bankaionma727 moved too quickly! 0.0,-20.143488218018817,0.0
[16:27:13] [Server thread/INFO]: bankaionma727 fell out of the world
[16:27:13] [Server thread/INFO]: Named entity ckp['Monster Guard'/10111, l='ServerLevel[§9OneBlock §eReborn]', x=104.39, y=-193.55, z=6.17] died: Monster Guard fell out of the world
[16:27:16] [Server thread/INFO]: [Not Secure] <bankaionma727> give cobbled ddepslate
[16:27:17] [Server thread/INFO]: [Not Secure] <bankaionma727> give cobbled ddepslate
[16:27:17] [Server thread/INFO]: [Not Secure] <bankaionma727> give cobbled ddepslate
[16:27:18] [Server thread/INFO]: [Not Secure] <bankaionma727> give cobbled ddepslate
[16:27:18] [Server thread/INFO]: [Not Secure] <bankaionma727> give cobbled ddepslate
[16:27:29] [Server thread/INFO]: theHULK fell out of the world
[16:27:44] [Server thread/INFO]: [Not Secure] <theHULK> jiya end ma aay
[16:28:03] [Server thread/INFO]: bankaionma727 didn't want to live in the same world as Warden
[16:28:03] [Server thread/WARN]: bankaionma727 moved too quickly! 0.0,-19.247643316562815,0.0
[16:28:18] [Server thread/INFO]: Drakii27 fell out of the world
[16:29:07] [Server thread/INFO]: Drakii27 has made the advancement [The End?]
[16:31:24] [Server thread/WARN]: theHULK moved too quickly! -1.416530596465373,-10.170797282908353,0.17642789359012667
[16:32:11] [Server thread/INFO]: Drakii27 was slain by Enderman
[16:32:38] [Server thread/WARN]: theHULK moved too quickly! -0.9396823033623924,-11.113989432500759,-0.6286520274724552
[16:33:07] [Server thread/INFO]: [Not Secure] <Drakii27> where you are
[16:33:45] [Server thread/INFO]: [Not Secure] <Drakii27> where you are
[16:34:18] [Server thread/WARN]: bankaionma727 moved too quickly! 1.0982553878281642,-11.11847342945022,0.09490338429325718
[16:35:19] [Server thread/INFO]: theHULK was slain by Enderman
[16:35:40] [Server thread/WARN]: bankaionma727 moved too quickly! 1.9328391615754148,-11.493006474677316,0.33209684347231383
[16:35:42] [Server thread/INFO]: bankaionma727 was doomed to fall
[16:35:45] [Server thread/INFO]: Villager cmk['kuku 2'/133, l='ServerLevel[§9OneBlock §eReborn]', x=12.94, y=63.00, z=-10.50] died, message: 'kuku 2 was slain by Warden'
[16:35:45] [Server thread/INFO]: Named entity cmk['kuku 2'/133, l='ServerLevel[§9OneBlock §eReborn]', x=12.94, y=63.00, z=-10.50] died: kuku 2 was slain by Warden
[16:35:54] [Server thread/INFO]: theHULK has made the advancement [Free the End]
[16:35:59] [Server thread/INFO]: [Not Secure] <theHULK> yeahhhhhhhhhhh
[16:36:29] [Server thread/WARN]: bankaionma727 moved too quickly! -1.0316406565996772,-10.711950227178065,0.1454997830298197
[16:36:45] [Server thread/INFO]: bankaionma727 was doomed to fall by Enderman
[16:37:49] [Server thread/WARN]: bankaionma727 moved too quickly! -0.10611832230329377,-10.527246037614873,-0.8227967887315284
[16:38:30] [Server thread/INFO]: Drakii27 was slain by bankaionma727 using [Mace bjd ;gushiohf hsihofhdg ;hfgljshgjsd hlkd hfn]
[16:38:54] [Server thread/INFO]: Villager cmk['kuku 3'/135, l='ServerLevel[§9OneBlock §eReborn]', x=16.29, y=60.00, z=-6.46] died, message: 'kuku 3 was obliterated by a sonically-charged shriek'
[16:38:54] [Server thread/INFO]: Named entity cmk['kuku 3'/135, l='ServerLevel[§9OneBlock §eReborn]', x=16.29, y=60.00, z=-6.46] died: kuku 3 was obliterated by a sonically-charged shriek
[16:39:01] [Server thread/INFO]: [Not Secure] <theHULK> nalayk na kr ender dragon spawn thay che
[16:39:23] [Server thread/INFO]: Drakii27 was slain by bankaionma727 using [Mace bjd ;gushiohf hsihofhdg ;hfgljshgjsd hlkd hfn]
[16:39:24] [Server thread/INFO]: bankaionma727 was burned to a crisp while fighting Drakii27
[16:39:49] [Server thread/INFO]: Drakii27 fell out of the world
[16:39:57] [Server thread/INFO]: bankaionma727 has reached the goal [The End... Again...]
[16:39:57] [Server thread/INFO]: theHULK has reached the goal [The End... Again...]
[16:40:03] [Server thread/INFO]: Villager cmk['kuku 1'/134, l='ServerLevel[§9OneBlock §eReborn]', x=8.47, y=61.00, z=-10.76] died, message: 'kuku 1 was obliterated by a sonically-charged shriek'
[16:40:03] [Server thread/INFO]: Named entity cmk['kuku 1'/134, l='ServerLevel[§9OneBlock §eReborn]', x=8.47, y=61.00, z=-10.76] died: kuku 1 was obliterated by a sonically-charged shriek
[16:40:11] [Server thread/INFO]: theHULK has made the advancement [Is It a Plane?]
[16:40:44] [Server thread/INFO]: Drakii27 was killed by Ender Dragon using magic
[16:40:44] [Server thread/INFO]: bankaionma727 has made the advancement [Is It a Plane?]
[16:40:49] [Server thread/INFO]: [Not Secure] <theHULK> jiya chal mar
[16:41:30] [Server thread/WARN]: bankaionma727 moved too quickly! 0.006804773373882966,-11.73847810038717,0.023785891588275376
[16:41:43] [Server thread/WARN]: bankaionma727 moved too quickly! 0.3384633294877641,-10.529193645291315,-0.31458358956756105
[16:42:07] [Server thread/WARN]: bankaionma727 moved too quickly! -0.026787855879389255,12.157701267696766,-0.0438984896757777
[16:42:18] [Server thread/INFO]: bankaionma727 fell from a high place
[16:42:39] [Server thread/WARN]: bankaionma727 moved too quickly! 0.15785222801852683,-10.51618154192392,0.19916579188402572
[16:42:43] [Server thread/WARN]: bankaionma727 moved too quickly! 0.0,-20.83725379640977,0.0
[16:42:44] [Server thread/INFO]: bankaionma727 fell out of the world
[16:43:22] [Server thread/INFO]: [Not Secure] <theHULK> mar
[16:43:27] [Server thread/INFO]: Drakii27 was killed by Ender Dragon using magic
[16:43:39] [Server thread/INFO]: [Not Secure] <theHULK> mane nai enderdrag ne
[16:45:25] [Server thread/WARN]: bankaionma727 moved too quickly! -0.7417237223412378,11.345939044143478,-2.749050550607312
[16:45:43] [Server thread/INFO]: [Not Secure] <Drakii27> kar sudhu ma
[16:46:30] [Server thread/INFO]: [Not Secure] <theHULK> kill enderdrag jiya
[16:47:05] [Server thread/INFO]: Drakii27 was burned to a crisp while fighting bankaionma727
[16:48:24] [Server thread/INFO]: bankaionma727 has made the advancement [Free the End]
[16:48:24] [Server thread/WARN]: bankaionma727 moved too quickly! 4.007525969321073,7.290120581983132,6.9352373443653175
[16:51:25] [Server thread/INFO]: Drakii27 has reached the goal [The End... Again...]
[16:51:37] [Server thread/INFO]: Drakii27 was killed by Ender Dragon using magic
[16:52:13] [Server thread/INFO]: Drakii27 was blown up by bankaionma727
[16:52:15] [Server thread/WARN]: Mismatch in destroy block pos: jd{x=0, y=0, z=0} jd{x=-14, y=59, z=2}
[16:53:16] [Server thread/INFO]: bankaionma727 was killed by Ender Dragon using magic
[16:54:25] [Server thread/INFO]: Drakii27 was slain by Ender Dragon
[16:54:26] [Server thread/WARN]: Drakii27 moved too quickly! -2.3605143621888436,12.219897194670978,16.180896822937008
[16:54:49] [Server thread/INFO]: Drakii27 fell out of the world
[16:55:13] [Server thread/INFO]: Drakii27 fell from a high place
[16:56:37] [Server thread/INFO]: [Not Secure] <bankaionma727> gimme food
[16:56:52] [Server thread/WARN]: bankaionma727 moved too quickly! 0.0,-10.987791065358607,0.0
[16:57:28] [Server thread/INFO]: [Not Secure] <bankaionma727> gimme food
[16:57:28] [Server thread/INFO]: [Not Secure] <bankaionma727> gimme food
[16:57:29] [Server thread/INFO]: [Not Secure] <bankaionma727> gimme food
[16:57:29] [Server thread/INFO]: [Not Secure] <bankaionma727> gimme food
[16:58:04] [Server thread/INFO]: Drakii27 was slain by Enderman
[16:59:06] [Server thread/INFO]: Drakii27 was slain by Ender Dragon
[16:59:13] [Server thread/WARN]: bankaionma727 moved too quickly! -0.7141733678725979,12.790631643204861,0.8309662180709072
[16:59:24] [Server thread/INFO]: bankaionma727 fell from a high place
[16:59:56] [Server thread/INFO]: Drakii27 fell from a high place
[17:00:56] [Server thread/INFO]: Drakii27 was slain by Enderman
[17:01:08] [Server thread/INFO]: theHULK was obliterated by a sonically-charged shriek
[17:01:21] [Server thread/INFO]: bankaionma727 fell from a high place
[17:01:25] [Server thread/INFO]: Drakii27 was slain by Warden
[17:02:19] [Server thread/WARN]: bankaionma727 moved too quickly! 1.052883757900581,10.4759232784089,-0.6847363144763001
[17:02:56] [Server thread/INFO]: Drakii27 was slain by Enderman
[17:03:34] [Server thread/INFO]: bankaionma727 was obliterated by a sonically-charged shriek
[17:04:03] [Server thread/INFO]: Drakii27 was slain by Ender Dragon
[17:04:27] [Server thread/INFO]: bankaionma727 was obliterated by a sonically-charged shriek
[17:04:46] [Server thread/INFO]: Drakii27 was slain by Warden
[17:05:38] [Server thread/INFO]: bankaionma727 was obliterated by a sonically-charged shriek
[17:06:10] [Server thread/WARN]: bankaionma727 moved too quickly! -8.743131359735258,2.835226718173928,4.4340985601420515
[17:06:10] [Server thread/WARN]: theHULK moved too quickly! 1.4853653866644674,0.0,-9.963920331465898
[17:06:42] [Server thread/INFO]: Drakii27 was slain by Enderman
[17:06:53] [Server thread/INFO]: bankaionma727 lost connection: Timed out
[17:06:53] [Server thread/INFO]: bankaionma727 left the game
[17:07:07] [Server thread/INFO]: bankaionma727[/192.168.192.164:64660] logged in with entity id 16941 at (-8.024345345178052, 60.24918707874468, -7.733228316961415)
[17:07:07] [Server thread/INFO]: bankaionma727 joined the game
[17:07:12] [Server thread/INFO]: theHULK lost connection: Disconnected
[17:07:12] [Server thread/INFO]: theHULK left the game
[17:07:39] [Server thread/INFO]: theHULK[/192.168.192.222:55202] logged in with entity id 16964 at (-12.057985840487627, 62.493907480229474, 10.57791021325294)
[17:07:39] [Server thread/INFO]: theHULK joined the game
[17:07:53] [Server thread/INFO]: Drakii27 was slain by Enderman
[17:08:08] [Server thread/WARN]: theHULK moved too quickly! 6.490865778019593,2.244595864246051,-7.44932674979631
[17:08:51] [Server thread/INFO]: Drakii27 was killed by Ender Dragon using magic
[17:09:13] [Server thread/INFO]: Drakii27 was slain by Ender Dragon
[17:09:29] [Server thread/INFO]: Drakii27 was slain by Ender Dragon
[17:09:55] [Server thread/INFO]: bankaionma727 lost connection: Disconnected
[17:09:55] [Server thread/INFO]: bankaionma727 left the game
[17:10:11] [Server thread/INFO]: bankaionma727[/192.168.192.164:64864] logged in with entity id 17445 at (-14.443534295035384, 61.0, -34.30684045778423)
[17:10:11] [Server thread/INFO]: bankaionma727 joined the game
[17:10:51] [Server thread/INFO]: Drakii27 was slain by Enderman
[17:11:07] [Server thread/INFO]: Drakii27 has made the advancement [Free the End]
[17:11:12] [Server thread/INFO]: [Not Secure] <theHULK> yeahhhhhhhhhh
[17:11:35] [Server thread/INFO]: Drakii27 fell out of the world
[17:12:14] [Server thread/INFO]: theHULK was slain by Enderman
[17:13:16] [Server thread/INFO]: Drakii27 was slain by bankaionma727 using [Mace bjd ;gushiohf hsihofhdg ;hfgljshgjsd hlkd hfn]
[17:13:17] [Server thread/WARN]: bankaionma727 moved too quickly! 0.046515065339896466,11.4685976002107,-0.12033331253217483
[17:13:21] [Server thread/INFO]: theHULK lost connection: Disconnected
[17:13:21] [Server thread/INFO]: theHULK left the game
[17:13:42] [Server thread/INFO]: bankaionma727 lost connection: Timed out
[17:13:42] [Server thread/INFO]: bankaionma727 left the game
[17:13:52] [Server thread/INFO]: bankaionma727[/192.168.192.164:65091] logged in with entity id 18085 at (-18.288342722366146, 61.0, -31.029224985251883)
[17:13:52] [Server thread/INFO]: bankaionma727 joined the game
[17:14:56] [Server thread/INFO]: [Not Secure] [Server] close kru server????
[17:14:59] [Server thread/INFO]: [Not Secure] <bankaionma727> no
[17:15:05] [Server thread/INFO]: [Not Secure] [Server] why????
[17:15:11] [Server thread/INFO]: [Not Secure] [Server] we already killed it
[17:15:12] [Server thread/INFO]: [Not Secure] <bankaionma727> mait 2 mints
[17:15:17] [Server thread/INFO]: [Not Secure] [Server] okkkk
[17:18:54] [Server thread/INFO]: bankaionma727 lost connection: Disconnected
[17:18:54] [Server thread/INFO]: bankaionma727 left the game
[17:21:43] [Server thread/INFO]: Stopping the server
[17:21:43] [Server thread/INFO]: Stopping server
[17:21:43] [Server thread/INFO]: Saving players
[17:21:43] [Server thread/INFO]: Saving worlds
[17:21:43] [Server thread/INFO]: Saving chunks for level 'ServerLevel[§9OneBlock §eReborn]'/minecraft:overworld
[17:21:43] [Server thread/INFO]: Saving chunks for level 'ServerLevel[§9OneBlock §eReborn]'/minecraft:the_nether
[17:21:43] [Server thread/INFO]: Saving chunks for level 'ServerLevel[§9OneBlock §eReborn]'/minecraft:the_end
[17:21:43] [Server thread/INFO]: ThreadedAnvilChunkStorage (world): All chunks are saved
[17:21:43] [Server thread/INFO]: ThreadedAnvilChunkStorage (DIM-1): All chunks are saved
[17:21:43] [Server thread/INFO]: ThreadedAnvilChunkStorage (DIM1): All chunks are saved
[17:21:43] [Server thread/INFO]: ThreadedAnvilChunkStorage: All dimensions are saved
